<?xml version="1.0" encoding="UTF-8"?>
<testsuite name="MeasurmentTest" tests="1" skipped="0" failures="0" errors="0" timestamp="2023-12-12T09:28:01" hostname="1222LTPB0084981.local" time="0.01">
  <properties/>
  <testcase name="ShouldBeTrueIfOneIs1000MetersOtherOneIs1KM()" classname="MeasurmentTest" time="0.01"/>
  <system-out><![CDATA[]]></system-out>
  <system-err><![CDATA[]]></system-err>
</testsuite>
